<?xml version="1.0" encoding="UTF-8"?>
<!-- Generated by org.testng.reporters.JUnitXMLReporter -->
<testsuite ignored="0" hostname="DESKTOP-UIEHH4T" failures="1" tests="1" name="Test" time="42.966" errors="0" timestamp="2026-01-16T11:06:12 IST">
  <testcase classname="testCases.Test08_Chapters" name="Test_Chapters" time="39.683">
    <failure type="java.lang.AssertionError" message="Failed test">
      <![CDATA[java.lang.AssertionError: Failed test
at testCases.Test08_Chapters.Test_Chapters(Test08_Chapters.java:53)
at java.base/java.util.ArrayList.forEach(ArrayList.java:1596)
... Removed 26 stack frames]]>
    </failure>
  </testcase> <!-- Test_Chapters -->
</testsuite> <!-- Test -->
