<?xml version="1.0" encoding="UTF-8"?>
<testng-results ignored="0" total="1" passed="1" failed="0" skipped="0">
  <reporter-output>
  </reporter-output>
  <suite started-at="2026-01-16T13:50:23 IST" name="Master Suite" finished-at="2026-01-16T13:51:29 IST" duration-ms="66429">
    <groups>
    </groups>
    <test started-at="2026-01-16T13:50:23 IST" name="Test" finished-at="2026-01-16T13:51:29 IST" duration-ms="66429">
      <class name="testCases.Test09_Activity">
        <test-method is-config="true" signature="setup(java.lang.String,java.lang.String)[pri:0, instance:testCases.Test09_Activity@460ebd80]" started-at="2026-01-16T13:50:23 IST" name="setup" finished-at="2026-01-16T13:50:26 IST" duration-ms="3045" status="PASS">
          <params>
            <param index="0">
              <value>
                <![CDATA[windows]]>
              </value>
            </param>
            <param index="1">
              <value>
                <![CDATA[chrome]]>
              </value>
            </param>
          </params>
          <reporter-output>
          </reporter-output>
        </test-method> <!-- setup -->
        <test-method signature="Test_Activity()[pri:0, instance:testCases.Test09_Activity@460ebd80]" started-at="2026-01-16T13:50:26 IST" name="Test_Activity" finished-at="2026-01-16T13:51:29 IST" duration-ms="63240" status="PASS">
          <reporter-output>
          </reporter-output>
        </test-method> <!-- Test_Activity -->
      </class> <!-- testCases.Test09_Activity -->
    </test> <!-- Test -->
  </suite> <!-- Master Suite -->
</testng-results>
